got 157352 chords and 1031228 notes from the following 747 files
data/dcml_corpora/annotations/Sweelinck SwWV258_fantasia_cromatica
data/dcml_corpora/annotations/Couperin-concerts_royaux c04n01_prelude
data/dcml_corpora/annotations/Couperin-concerts_royaux c01n02_allemande
data/dcml_corpora/annotations/Couperin-concerts_royaux c04n04_courante_a_litalienne
data/dcml_corpora/annotations/Couperin-concerts_royaux c03n02_allemande
data/dcml_corpora/annotations/Couperin-concerts_royaux c02n04_air_contrefugue
data/dcml_corpora/annotations/Couperin-concerts_royaux c02n02_allemande_fuguee
data/dcml_corpora/annotations/Couperin-concerts_royaux c04n07_forlane
data/dcml_corpora/annotations/Couperin-concerts_royaux c03n05_gavotte
data/dcml_corpora/annotations/Couperin-concerts_royaux c02n03_air_tendre
data/dcml_corpora/annotations/Couperin-concerts_royaux c01n06_menuet_en_trio
data/dcml_corpora/annotations/Couperin-concerts_royaux c02n05_echos
data/dcml_corpora/annotations/Couperin-concerts_royaux c04n05_sarabande
data/dcml_corpora/annotations/Couperin-concerts_royaux c01n04_gavotte
data/dcml_corpora/annotations/Couperin-concerts_royaux c04n06_rigaudon
data/dcml_corpora/annotations/Couperin-concerts_royaux c01n01_prelude
data/dcml_corpora/annotations/Couperin-concerts_royaux c03n01_prelude
data/dcml_corpora/annotations/Couperin-concerts_royaux c03n07_musette_2
data/dcml_corpora/annotations/Couperin-concerts_royaux c03n08_chaconne_legere
data/dcml_corpora/annotations/Couperin-concerts_royaux c03n06_musette_1
data/dcml_corpora/annotations/Couperin-concerts_royaux c01n03_sarabande
data/dcml_corpora/annotations/Couperin-concerts_royaux c04n03_courante_francoise
data/dcml_corpora/annotations/Couperin-concerts_royaux c03n04_sarabande_grave
data/dcml_corpora/annotations/Couperin-concerts_royaux c03n03_courante
data/dcml_corpora/annotations/Couperin-concerts_royaux c01n05_gigue
data/dcml_corpora/annotations/Couperin-concerts_royaux c02n01_prelude
data/dcml_corpora/annotations/Couperin-concerts_royaux c04n02_allemande
data/dcml_corpora/annotations/Liszt-Années 160.06_Vallee_dObermann
data/dcml_corpora/annotations/Liszt-Années 160.04_Au_Bord_dUne_Source
data/dcml_corpora/annotations/Liszt-Années 162.03_Tarantella_da_Guillaume_Louis_Cottrau._Presto_e_canzone_napolitana
data/dcml_corpora/annotations/Liszt-Années 160.01_Chapelle_de_Guillaume_Tell
data/dcml_corpora/annotations/Liszt-Années 160.09_Les_Cloches_de_Geneve_(Nocturne)
data/dcml_corpora/annotations/Liszt-Années 160.05_Orage
data/dcml_corpora/annotations/Liszt-Années 160.03_Pastorale
data/dcml_corpora/annotations/Liszt-Années 160.07_Eglogue
data/dcml_corpora/annotations/Liszt-Années 160.02_Au_Lac_de_Wallenstadt
data/dcml_corpora/annotations/Liszt-Années 161.01_Sposalizio
data/dcml_corpora/annotations/Liszt-Années 160.08_Le_Mal_du_Pays_(Heimweh)
data/dcml_corpora/annotations/Monteverdi-Madrigals 2-12
data/dcml_corpora/annotations/Monteverdi-Madrigals 5-04e
data/dcml_corpora/annotations/Monteverdi-Madrigals 5-09
data/dcml_corpora/annotations/Monteverdi-Madrigals 5-04c
data/dcml_corpora/annotations/Monteverdi-Madrigals 6-01a
data/dcml_corpora/annotations/Monteverdi-Madrigals 5-11
data/dcml_corpora/annotations/Monteverdi-Madrigals 5-05b
data/dcml_corpora/annotations/Monteverdi-Madrigals 5-07
data/dcml_corpora/annotations/Monteverdi-Madrigals 5-15
data/dcml_corpora/annotations/Monteverdi-Madrigals 5-01
data/dcml_corpora/annotations/Monteverdi-Madrigals 3-09
data/dcml_corpora/annotations/Monteverdi-Madrigals 5-04a
data/dcml_corpora/annotations/Monteverdi-Madrigals 4-19
data/dcml_corpora/annotations/Monteverdi-Madrigals 5-08
data/dcml_corpora/annotations/Monteverdi-Madrigals laudate_pueri_dominum
data/dcml_corpora/annotations/Monteverdi-Madrigals 5-06
data/dcml_corpora/annotations/Monteverdi-Madrigals 5-03
data/dcml_corpora/annotations/Monteverdi-Madrigals 9-12
data/dcml_corpora/annotations/Monteverdi-Madrigals 3-11
data/dcml_corpora/annotations/Monteverdi-Madrigals 5-05c
data/dcml_corpora/annotations/Monteverdi-Madrigals 8-19
data/dcml_corpora/annotations/Monteverdi-Madrigals 5-10
data/dcml_corpora/annotations/Monteverdi-Madrigals 4-20
data/dcml_corpora/annotations/Monteverdi-Madrigals 5-17
data/dcml_corpora/annotations/Monteverdi-Madrigals 5-04d
data/dcml_corpora/annotations/Monteverdi-Madrigals 8-18
data/dcml_corpora/annotations/Monteverdi-Madrigals 5-14
data/dcml_corpora/annotations/Schumann-Liederkreis_op39 op39n02
data/dcml_corpora/annotations/Schumann-Liederkreis_op39 op39n01
data/dcml_corpora/annotations/Schumann-Liederkreis_op39 op39n10
data/dcml_corpora/annotations/Schumann-Liederkreis_op39 op39n12
data/dcml_corpora/annotations/Schumann-Liederkreis_op39 op39n07
data/dcml_corpora/annotations/Schumann-Liederkreis_op39 op39n03
data/dcml_corpora/annotations/Schumann-Liederkreis_op39 op39n11
data/dcml_corpora/annotations/Schumann-Liederkreis_op39 op39n08
data/dcml_corpora/annotations/Schumann-Liederkreis_op39 op39n04
data/dcml_corpora/annotations/Schumann-Liederkreis_op39 op39n06
data/dcml_corpora/annotations/Schumann-Liederkreis_op39 op39n05
data/dcml_corpora/annotations/Schumann-Liederkreis_op39 op39n09
data/dcml_corpora/annotations/Mendelssohn-String_Quartets 03op44,1a
data/dcml_corpora/annotations/Mendelssohn-String_Quartets 04op44,2a
data/dcml_corpora/annotations/Mendelssohn-String_Quartets 04op44,2d
data/dcml_corpora/annotations/Mendelssohn-String_Quartets 01op12d
data/dcml_corpora/annotations/Mendelssohn-String_Quartets 06op80b
data/dcml_corpora/annotations/Mendelssohn-String_Quartets 06op80d
data/dcml_corpora/annotations/Mendelssohn-String_Quartets 01op12c
data/dcml_corpora/annotations/Mendelssohn-String_Quartets 02op13a
data/dcml_corpora/annotations/Mendelssohn-String_Quartets 05op44,3b
data/dcml_corpora/annotations/Mendelssohn-String_Quartets 06op80c
data/dcml_corpora/annotations/Mendelssohn-String_Quartets 06op80a
data/dcml_corpora/annotations/Mendelssohn-String_Quartets 02op13d
data/dcml_corpora/annotations/Mendelssohn-String_Quartets 02op13c
data/dcml_corpora/annotations/Mendelssohn-String_Quartets 05op44,3a
data/dcml_corpora/annotations/Mendelssohn-String_Quartets 04op44,2c
data/dcml_corpora/annotations/Mendelssohn-String_Quartets 05op44,3d
data/dcml_corpora/annotations/Mendelssohn-String_Quartets 03op44,1d
data/dcml_corpora/annotations/Mendelssohn-String_Quartets 02op13b
data/dcml_corpora/annotations/Mendelssohn-String_Quartets 04op44,2b
data/dcml_corpora/annotations/Mendelssohn-String_Quartets 01op12a
data/dcml_corpora/annotations/Mendelssohn-String_Quartets 03op44,1b
data/dcml_corpora/annotations/Mendelssohn-String_Quartets 05op44,3c
data/dcml_corpora/annotations/Mendelssohn-String_Quartets 03op44,1c
data/dcml_corpora/annotations/Mendelssohn-String_Quartets 01op12b
data/dcml_corpora/annotations/Debussy-Suite_bergamasque Debussy_Suite_Bergamasque_2_Menuet
data/dcml_corpora/annotations/Debussy-Suite_bergamasque Debussy_Suite_Bergamasque_3_Claire_de_Lune
data/dcml_corpora/annotations/Debussy-Suite_bergamasque Debussy_Suite_Bergamasque_4_Passepied
data/dcml_corpora/annotations/Debussy-Suite_bergamasque Debussy_Suite_Bergamasque_1_Prelude
data/dcml_corpora/annotations/Dvorak-Silhouettes op08n09
data/dcml_corpora/annotations/Dvorak-Silhouettes op08n12
data/dcml_corpora/annotations/Dvorak-Silhouettes op08n07
data/dcml_corpora/annotations/Dvorak-Silhouettes op08n10
data/dcml_corpora/annotations/Dvorak-Silhouettes op08n04
data/dcml_corpora/annotations/Dvorak-Silhouettes op08n08
data/dcml_corpora/annotations/Dvorak-Silhouettes op08n05
data/dcml_corpora/annotations/Dvorak-Silhouettes op08n01
data/dcml_corpora/annotations/Dvorak-Silhouettes op08n03
data/dcml_corpora/annotations/Dvorak-Silhouettes op08n06
data/dcml_corpora/annotations/Dvorak-Silhouettes op08n02
data/dcml_corpora/annotations/Dvorak-Silhouettes op08n11
data/dcml_corpora/annotations/Couperin-gouts_reunis c11n05_seconde_courante
data/dcml_corpora/annotations/Couperin-gouts_reunis c08n06_Loure
data/dcml_corpora/annotations/Couperin-gouts_reunis c10n03_plainte
data/dcml_corpora/annotations/Couperin-gouts_reunis c08n01_ouverture
data/dcml_corpora/annotations/Couperin-gouts_reunis c09n04_Lejene
data/dcml_corpora/annotations/Couperin-gouts_reunis c14n01_gravement
data/dcml_corpora/annotations/Couperin-gouts_reunis c08n03_air
data/dcml_corpora/annotations/Couperin-gouts_reunis c09n05_vivacite
data/dcml_corpora/annotations/Couperin-gouts_reunis c09n03_graces
data/dcml_corpora/annotations/Couperin-gouts_reunis c07n04_fuguete
data/dcml_corpora/annotations/Couperin-gouts_reunis c08n09_air_leger
data/dcml_corpora/annotations/Couperin-gouts_reunis c05n03_sarabande
data/dcml_corpora/annotations/Couperin-gouts_reunis c07n05_gavote
data/dcml_corpora/annotations/Couperin-gouts_reunis c08n07_air
data/dcml_corpora/annotations/Couperin-gouts_reunis c05n05_musete
data/dcml_corpora/annotations/Couperin-gouts_reunis c07n01_grave
data/dcml_corpora/annotations/Couperin-gouts_reunis parnasse_07
data/dcml_corpora/annotations/Couperin-gouts_reunis c14n02_allemande
data/dcml_corpora/annotations/Couperin-gouts_reunis c10n04_tromba
data/dcml_corpora/annotations/Couperin-gouts_reunis c06n02_allemande
data/dcml_corpora/annotations/Couperin-gouts_reunis c10n02_air
data/dcml_corpora/annotations/Couperin-gouts_reunis c09n07_douceur
data/dcml_corpora/annotations/Couperin-gouts_reunis c08n08_sarabande
data/dcml_corpora/annotations/Couperin-gouts_reunis c11n08_Rondeau
data/dcml_corpora/annotations/Couperin-gouts_reunis c05n04_gavote
data/dcml_corpora/annotations/Couperin-gouts_reunis c08n04_air_tendre
data/dcml_corpora/annotations/Couperin-gouts_reunis c09n08_caetera
data/dcml_corpora/annotations/Couperin-gouts_reunis parnasse_01
data/dcml_corpora/annotations/Couperin-gouts_reunis c11n07_gigue
data/dcml_corpora/annotations/Couperin-gouts_reunis c06n04_air_diable
data/dcml_corpora/annotations/Couperin-gouts_reunis c07n03_sarabande
data/dcml_corpora/annotations/Couperin-gouts_reunis c08n02_ritournele
data/dcml_corpora/annotations/Couperin-gouts_reunis c05n01_prelude
data/dcml_corpora/annotations/Couperin-gouts_reunis c06n05_siciliene
data/dcml_corpora/annotations/Couperin-gouts_reunis c11n02_allemande
data/dcml_corpora/annotations/Couperin-gouts_reunis c07n06_siciliene
data/dcml_corpora/annotations/Couperin-gouts_reunis c08n11_air_baccantes
data/dcml_corpora/annotations/Couperin-gouts_reunis c05n02_allemande
data/dcml_corpora/annotations/Couperin-gouts_reunis c09n06_Sarabande
data/dcml_corpora/annotations/Couperin-gouts_reunis parnasse_03
data/dcml_corpora/annotations/Couperin-gouts_reunis parnasse_04
data/dcml_corpora/annotations/Couperin-gouts_reunis parnasse_02
data/dcml_corpora/annotations/Couperin-gouts_reunis c09n01_charme
data/dcml_corpora/annotations/Couperin-gouts_reunis c14n03_sarabande
data/dcml_corpora/annotations/Couperin-gouts_reunis c09n02_lenjouement
data/dcml_corpora/annotations/Couperin-gouts_reunis c10n01_gravement
data/dcml_corpora/annotations/Couperin-gouts_reunis c14n04_fuguete
data/dcml_corpora/annotations/Couperin-gouts_reunis c06n01_grave
data/dcml_corpora/annotations/Couperin-gouts_reunis parnasse_05
data/dcml_corpora/annotations/Couperin-gouts_reunis c08n05_air_leger
data/dcml_corpora/annotations/Couperin-gouts_reunis parnasse_06
data/dcml_corpora/annotations/Couperin-gouts_reunis c08n10_air_lentement
data/dcml_corpora/annotations/Couperin-gouts_reunis c07n02_allemande
data/dcml_corpora/annotations/Couperin-gouts_reunis c06n03_sarabande
data/dcml_corpora/annotations/Couperin-gouts_reunis c11n04_courante
data/dcml_corpora/annotations/Couperin-gouts_reunis c11n03_seconde_allemande
data/dcml_corpora/annotations/Couperin-gouts_reunis c11n01_majestueusement
data/dcml_corpora/annotations/Couperin-gouts_reunis c11n06_sarabande
data/dcml_corpora/annotations/Ravel Ravel_-_Miroirs_IV._Alborada_del_gracioso
data/dcml_corpora/annotations/Ravel Ravel_-_Jeux_dEau
data/dcml_corpora/annotations/Ravel Ravel_-_Miroirs_III._Une_Barque_sur_l'ocean
data/dcml_corpora/annotations/Schubert-Winterreise n05
data/dcml_corpora/annotations/Schubert-Winterreise n09
data/dcml_corpora/annotations/Schubert-Winterreise n07
data/dcml_corpora/annotations/Schubert-Winterreise n23
data/dcml_corpora/annotations/Schubert-Winterreise n18
data/dcml_corpora/annotations/Schubert-Winterreise n17
data/dcml_corpora/annotations/Schubert-Winterreise n14
data/dcml_corpora/annotations/Schubert-Winterreise n24
data/dcml_corpora/annotations/Schubert-Winterreise n10
data/dcml_corpora/annotations/Schubert-Winterreise n13
data/dcml_corpora/annotations/Schubert-Winterreise n19
data/dcml_corpora/annotations/Schubert-Winterreise n15
data/dcml_corpora/annotations/Schubert-Winterreise n08
data/dcml_corpora/annotations/Schubert-Winterreise n16
data/dcml_corpora/annotations/Schubert-Winterreise n11
data/dcml_corpora/annotations/Schubert-Winterreise n06
data/dcml_corpora/annotations/Schubert-Winterreise n12
data/dcml_corpora/annotations/Schubert-Winterreise n03
data/dcml_corpora/annotations/Schubert-Winterreise n22
data/dcml_corpora/annotations/Schubert-Winterreise n01
data/dcml_corpora/annotations/Schubert-Winterreise n20
data/dcml_corpora/annotations/Schubert-Winterreise n02
data/dcml_corpora/annotations/Schubert-Winterreise n21
data/dcml_corpora/annotations/Schubert-Winterreise n04
data/dcml_corpora/annotations/Mozart-Sonatas K309-1
data/dcml_corpora/annotations/Mozart-Sonatas K457-3
data/dcml_corpora/annotations/Mozart-Sonatas K282-1
data/dcml_corpora/annotations/Mozart-Sonatas K310-1
data/dcml_corpora/annotations/Mozart-Sonatas K333-1
data/dcml_corpora/annotations/Mozart-Sonatas K283-3
data/dcml_corpora/annotations/Mozart-Sonatas K284-1
data/dcml_corpora/annotations/Mozart-Sonatas K330-3
data/dcml_corpora/annotations/Mozart-Sonatas K311-3
data/dcml_corpora/annotations/Mozart-Sonatas K311-2
data/dcml_corpora/annotations/Mozart-Sonatas K281-3
data/dcml_corpora/annotations/Mozart-Sonatas K283-1
data/dcml_corpora/annotations/Mozart-Sonatas K570-2
data/dcml_corpora/annotations/Mozart-Sonatas K309-2
data/dcml_corpora/annotations/Mozart-Sonatas K284-3
data/dcml_corpora/annotations/Mozart-Sonatas K281-1
data/dcml_corpora/annotations/Mozart-Sonatas K280-2
data/dcml_corpora/annotations/Mozart-Sonatas K331-2
data/dcml_corpora/annotations/Mozart-Sonatas K283-2
data/dcml_corpora/annotations/Mozart-Sonatas K533-1
data/dcml_corpora/annotations/Mozart-Sonatas K333-3
data/dcml_corpora/annotations/Mozart-Sonatas K281-2
data/dcml_corpora/annotations/Mozart-Sonatas K545-3
data/dcml_corpora/annotations/Mozart-Sonatas K282-3
data/dcml_corpora/annotations/Mozart-Sonatas K330-2
data/dcml_corpora/annotations/Mozart-Sonatas K310-3
data/dcml_corpora/annotations/Mozart-Sonatas K333-2
data/dcml_corpora/annotations/Mozart-Sonatas K280-1
data/dcml_corpora/annotations/Mozart-Sonatas K331-1
data/dcml_corpora/annotations/Mozart-Sonatas K570-3
data/dcml_corpora/annotations/Mozart-Sonatas K533-3
data/dcml_corpora/annotations/Mozart-Sonatas K332-2
data/dcml_corpora/annotations/Mozart-Sonatas K576-2
data/dcml_corpora/annotations/Mozart-Sonatas K576-3
data/dcml_corpora/annotations/Mozart-Sonatas K332-3
data/dcml_corpora/annotations/Mozart-Sonatas K332-1
data/dcml_corpora/annotations/Mozart-Sonatas K282-2
data/dcml_corpora/annotations/Mozart-Sonatas K284-2
data/dcml_corpora/annotations/Mozart-Sonatas K331-3
data/dcml_corpora/annotations/Mozart-Sonatas K576-1
data/dcml_corpora/annotations/Mozart-Sonatas K279-1
data/dcml_corpora/annotations/Mozart-Sonatas K570-1
data/dcml_corpora/annotations/Mozart-Sonatas K533-2
data/dcml_corpora/annotations/Mozart-Sonatas K279-2
data/dcml_corpora/annotations/Mozart-Sonatas K457-2
data/dcml_corpora/annotations/Mozart-Sonatas K545-1
data/dcml_corpora/annotations/Mozart-Sonatas K280-3
data/dcml_corpora/annotations/Mozart-Sonatas K330-1
data/dcml_corpora/annotations/Mozart-Sonatas K457-1
data/dcml_corpora/annotations/Mozart-Sonatas K279-3
data/dcml_corpora/annotations/Mozart-Sonatas K311-1
data/dcml_corpora/annotations/Mozart-Sonatas K309-3
data/dcml_corpora/annotations/Mozart-Sonatas K545-2
data/dcml_corpora/annotations/Mozart-Sonatas K310-2
data/dcml_corpora/annotations/Chopin-Mazurkas BI18op68-2
data/dcml_corpora/annotations/Chopin-Mazurkas BI115-3op33-3
data/dcml_corpora/annotations/Chopin-Mazurkas BI77-4op17-4
data/dcml_corpora/annotations/Chopin-Mazurkas BI163op67-4
data/dcml_corpora/annotations/Chopin-Mazurkas BI153-3op56-3
data/dcml_corpora/annotations/Chopin-Mazurkas BI134
data/dcml_corpora/annotations/Chopin-Mazurkas BI145-1op50-1
data/dcml_corpora/annotations/Chopin-Mazurkas BI93-1op67-1
data/dcml_corpora/annotations/Chopin-Mazurkas BI162-3op63-3
data/dcml_corpora/annotations/Chopin-Mazurkas BI126-3op41-1
data/dcml_corpora/annotations/Chopin-Mazurkas BI93-2op67-3
data/dcml_corpora/annotations/Chopin-Mazurkas BI89-1op24-1
data/dcml_corpora/annotations/Chopin-Mazurkas BI60-3op06-3
data/dcml_corpora/annotations/Chopin-Mazurkas BI168op68-4
data/dcml_corpora/annotations/Chopin-Mazurkas BI60-1op06-1
data/dcml_corpora/annotations/Chopin-Mazurkas BI61-1op07-1
data/dcml_corpora/annotations/Chopin-Mazurkas BI61-3op07-3
data/dcml_corpora/annotations/Chopin-Mazurkas BI77-1op17-1
data/dcml_corpora/annotations/Chopin-Mazurkas BI122op41-2
data/dcml_corpora/annotations/Chopin-Mazurkas BI126-4op41-3
data/dcml_corpora/annotations/Chopin-Mazurkas BI105-2op30-2
data/dcml_corpora/annotations/Chopin-Mazurkas BI157-3op59-3
data/dcml_corpora/annotations/Chopin-Mazurkas BI153-2op56-2
data/dcml_corpora/annotations/Chopin-Mazurkas BI89-3op24-3
data/dcml_corpora/annotations/Chopin-Mazurkas BI38op68-1
data/dcml_corpora/annotations/Chopin-Mazurkas BI89-2op24-2
data/dcml_corpora/annotations/Chopin-Mazurkas BI145-3op50-3
data/dcml_corpora/annotations/Chopin-Mazurkas BI115-4op33-4
data/dcml_corpora/annotations/Chopin-Mazurkas BI34op68-3
data/dcml_corpora/annotations/Chopin-Mazurkas BI162-2op63-2
data/dcml_corpora/annotations/Chopin-Mazurkas BI77-3op17-3
data/dcml_corpora/annotations/Chopin-Mazurkas BI105-3op30-3
data/dcml_corpora/annotations/Chopin-Mazurkas BI145-2op50-2
data/dcml_corpora/annotations/Chopin-Mazurkas BI105-4op30-4
data/dcml_corpora/annotations/Chopin-Mazurkas BI157-1op59-1
data/dcml_corpora/annotations/Chopin-Mazurkas BI115-2op33-2
data/dcml_corpora/annotations/Chopin-Mazurkas BI61-2op07-2
data/dcml_corpora/annotations/Chopin-Mazurkas BI60-2op06-2
data/dcml_corpora/annotations/Chopin-Mazurkas BI60-4op06-4
data/dcml_corpora/annotations/Chopin-Mazurkas BI115-1op33-1
data/dcml_corpora/annotations/Chopin-Mazurkas BI61-4op07-4
data/dcml_corpora/annotations/Chopin-Mazurkas BI126-1op41-4
data/dcml_corpora/annotations/Chopin-Mazurkas BI77-2op17-2
data/dcml_corpora/annotations/Chopin-Mazurkas BI140
data/dcml_corpora/annotations/Chopin-Mazurkas BI157-2op59-2
data/dcml_corpora/annotations/Chopin-Mazurkas BI167op67-2
data/dcml_corpora/annotations/Chopin-Mazurkas BI89-4op24-4
data/dcml_corpora/annotations/Chopin-Mazurkas BI61-5op07-5
data/dcml_corpora/annotations/Chopin-Mazurkas BI153-1op56-1
data/dcml_corpora/annotations/Chopin-Mazurkas BI162-1op63-1
data/dcml_corpora/annotations/Grieg-Lyrical_Pieces op54n01
data/dcml_corpora/annotations/Grieg-Lyrical_Pieces op38n01
data/dcml_corpora/annotations/Grieg-Lyrical_Pieces op12n03
data/dcml_corpora/annotations/Grieg-Lyrical_Pieces op38n02
data/dcml_corpora/annotations/Grieg-Lyrical_Pieces op43n02
data/dcml_corpora/annotations/Grieg-Lyrical_Pieces op47n03
data/dcml_corpora/annotations/Grieg-Lyrical_Pieces op71n02
data/dcml_corpora/annotations/Grieg-Lyrical_Pieces op65n03
data/dcml_corpora/annotations/Grieg-Lyrical_Pieces op38n05
data/dcml_corpora/annotations/Grieg-Lyrical_Pieces op71n01
data/dcml_corpora/annotations/Grieg-Lyrical_Pieces op71n05
data/dcml_corpora/annotations/Grieg-Lyrical_Pieces op68n02
data/dcml_corpora/annotations/Grieg-Lyrical_Pieces op71n06
data/dcml_corpora/annotations/Grieg-Lyrical_Pieces op71n03
data/dcml_corpora/annotations/Grieg-Lyrical_Pieces op62n02
data/dcml_corpora/annotations/Grieg-Lyrical_Pieces op12n07
data/dcml_corpora/annotations/Grieg-Lyrical_Pieces op68n04
data/dcml_corpora/annotations/Grieg-Lyrical_Pieces op47n04
data/dcml_corpora/annotations/Grieg-Lyrical_Pieces op62n01
data/dcml_corpora/annotations/Grieg-Lyrical_Pieces op65n04
data/dcml_corpora/annotations/Grieg-Lyrical_Pieces op43n06
data/dcml_corpora/annotations/Grieg-Lyrical_Pieces op65n02
data/dcml_corpora/annotations/Grieg-Lyrical_Pieces op57n04
data/dcml_corpora/annotations/Grieg-Lyrical_Pieces op57n01
data/dcml_corpora/annotations/Grieg-Lyrical_Pieces op54n05
data/dcml_corpora/annotations/Grieg-Lyrical_Pieces op12n06
data/dcml_corpora/annotations/Grieg-Lyrical_Pieces op62n06
data/dcml_corpora/annotations/Grieg-Lyrical_Pieces op47n06
data/dcml_corpora/annotations/Grieg-Lyrical_Pieces op38n03
data/dcml_corpora/annotations/Grieg-Lyrical_Pieces op62n03
data/dcml_corpora/annotations/Grieg-Lyrical_Pieces op62n04
data/dcml_corpora/annotations/Grieg-Lyrical_Pieces op54n04
data/dcml_corpora/annotations/Grieg-Lyrical_Pieces op54n06
data/dcml_corpora/annotations/Grieg-Lyrical_Pieces op38n07
data/dcml_corpora/annotations/Grieg-Lyrical_Pieces op38n04
data/dcml_corpora/annotations/Grieg-Lyrical_Pieces op68n01
data/dcml_corpora/annotations/Grieg-Lyrical_Pieces op68n03
data/dcml_corpora/annotations/Grieg-Lyrical_Pieces op65n05
data/dcml_corpora/annotations/Grieg-Lyrical_Pieces op38n06
data/dcml_corpora/annotations/Grieg-Lyrical_Pieces op65n06
data/dcml_corpora/annotations/Grieg-Lyrical_Pieces op68n06
data/dcml_corpora/annotations/Grieg-Lyrical_Pieces op12n01
data/dcml_corpora/annotations/Grieg-Lyrical_Pieces op62n05
data/dcml_corpora/annotations/Grieg-Lyrical_Pieces op57n03
data/dcml_corpora/annotations/Grieg-Lyrical_Pieces op47n01
data/dcml_corpora/annotations/Grieg-Lyrical_Pieces op43n03
data/dcml_corpora/annotations/Grieg-Lyrical_Pieces op12n04
data/dcml_corpora/annotations/Grieg-Lyrical_Pieces op57n02
data/dcml_corpora/annotations/Grieg-Lyrical_Pieces op47n07
data/dcml_corpora/annotations/Grieg-Lyrical_Pieces op47n05
data/dcml_corpora/annotations/Grieg-Lyrical_Pieces op54n03
data/dcml_corpora/annotations/Grieg-Lyrical_Pieces op12n08
data/dcml_corpora/annotations/Grieg-Lyrical_Pieces op57n05
data/dcml_corpora/annotations/Grieg-Lyrical_Pieces op43n05
data/dcml_corpora/annotations/Grieg-Lyrical_Pieces op38n08
data/dcml_corpora/annotations/Grieg-Lyrical_Pieces op12n02
data/dcml_corpora/annotations/Grieg-Lyrical_Pieces op57n06
data/dcml_corpora/annotations/Grieg-Lyrical_Pieces op12n05
data/dcml_corpora/annotations/Grieg-Lyrical_Pieces op43n01
data/dcml_corpora/annotations/Grieg-Lyrical_Pieces op54n02
data/dcml_corpora/annotations/Grieg-Lyrical_Pieces op47n02
data/dcml_corpora/annotations/Grieg-Lyrical_Pieces op71n04
data/dcml_corpora/annotations/Grieg-Lyrical_Pieces op65n01
data/dcml_corpora/annotations/Grieg-Lyrical_Pieces op43n04
data/dcml_corpora/annotations/Grieg-Lyrical_Pieces op71n07
data/dcml_corpora/annotations/Grieg-Lyrical_Pieces op68n05
data/dcml_corpora/annotations/Medtner-Tales op34n03
data/dcml_corpora/annotations/Medtner-Tales op35n02
data/dcml_corpora/annotations/Medtner-Tales op48n02
data/dcml_corpora/annotations/Medtner-Tales op35n03
data/dcml_corpora/annotations/Medtner-Tales op26n04
data/dcml_corpora/annotations/Medtner-Tales op26n03
data/dcml_corpora/annotations/Medtner-Tales op34n04
data/dcml_corpora/annotations/Medtner-Tales op14n01
data/dcml_corpora/annotations/Medtner-Tales op42n03
data/dcml_corpora/annotations/Medtner-Tales op34n02
data/dcml_corpora/annotations/Medtner-Tales op26n02
data/dcml_corpora/annotations/Medtner-Tales op48n01
data/dcml_corpora/annotations/Medtner-Tales op08n01
data/dcml_corpora/annotations/Medtner-Tales op35n04
data/dcml_corpora/annotations/Medtner-Tales op42n01
data/dcml_corpora/annotations/Medtner-Tales op26n01
data/dcml_corpora/annotations/Medtner-Tales op42n02
data/dcml_corpora/annotations/Medtner-Tales op35n01
data/dcml_corpora/annotations/Medtner-Tales op34n01
data/dcml_corpora/annotations/Pleyel-Quartets op2n1
data/dcml_corpora/annotations/Pleyel-Quartets op2n3
data/dcml_corpora/annotations/Schütz - Kleine geistliche Konzerte op09n26swv331_Die_Stimm_des_Herren_gehet_auf_den_Wassern
data/dcml_corpora/annotations/Schütz - Kleine geistliche Konzerte op09n07swv312_Herr,_ich_hoffe_darauf
data/dcml_corpora/annotations/Schütz - Kleine geistliche Konzerte op09n10swv315_Hodie_Christus_natus_est
data/dcml_corpora/annotations/Schütz - Kleine geistliche Konzerte op08n12swv293_Lobet_den_Herren,_der_zu_Zion_wohnet
data/dcml_corpora/annotations/Schütz - Kleine geistliche Konzerte op09n04swv309_O_misericordissime_Jesu
data/dcml_corpora/annotations/Schütz - Kleine geistliche Konzerte op08n21swv302_Ein_Kind_ist_uns_geboren
data/dcml_corpora/annotations/Schütz - Kleine geistliche Konzerte op08n23swv304_Siehe,_mein_Fürsprecher_im_Himmel
data/dcml_corpora/annotations/Schütz - Kleine geistliche Konzerte op08n10swv291_Schaffe_in_mir,_Gott,_ein_reines_Herz
data/dcml_corpora/annotations/Schütz - Kleine geistliche Konzerte op08n24swv305_Ich_hab_mein_Sach_Gott_heimgestellt
data/dcml_corpora/annotations/Schütz - Kleine geistliche Konzerte op08n04swv285_O_süsser,_o_freundlicher
data/dcml_corpora/annotations/Schütz - Kleine geistliche Konzerte op09n31swv336_Quemadmodum_desiderat_cervus
data/dcml_corpora/annotations/Schütz - Kleine geistliche Konzerte op09n01swv306_Ich_will_den_Herren_loben_allezeit
data/dcml_corpora/annotations/Schütz - Kleine geistliche Konzerte op09n12swv317_Meister,_wir_haben_die_ganze_Nacht_gearbeitet
data/dcml_corpora/annotations/Schütz - Kleine geistliche Konzerte op09n16swv321_Herr,_wenn_ich_nur_dich
data/dcml_corpora/annotations/Schütz - Kleine geistliche Konzerte op09n02swv307_Was_hast_du_verwirket
data/dcml_corpora/annotations/Schütz - Kleine geistliche Konzerte op09n05swv310_Ich_liege_und_schlafe
data/dcml_corpora/annotations/Schütz - Kleine geistliche Konzerte op09n25swv330_Wer_will_uns_scheiden_von_der_Liebe_Gottes
data/dcml_corpora/annotations/Schütz - Kleine geistliche Konzerte op09n30swv335_Was_betrübst_du_dich,_meine_Seele
data/dcml_corpora/annotations/Schütz - Kleine geistliche Konzerte op09n06swv311_Habe_deine_Lust_an_dem_Herren
data/dcml_corpora/annotations/Schütz - Kleine geistliche Konzerte op09n27swv332_Jubilate_Deo_omnis_terra
data/dcml_corpora/annotations/Schütz - Kleine geistliche Konzerte op08n05swv286_Der_Herr_ist_gross
data/dcml_corpora/annotations/Schütz - Kleine geistliche Konzerte op09n11swv316_Wann_unsre_Augen_schlafen_ein
data/dcml_corpora/annotations/Schütz - Kleine geistliche Konzerte op08n06swv287_O_lieber_Herre_Gott
data/dcml_corpora/annotations/Schütz - Kleine geistliche Konzerte op08n16swv297_O_Herr_hilf
data/dcml_corpora/annotations/Schütz - Kleine geistliche Konzerte op09n24swv329_Ist_Gott_für_uns
data/dcml_corpora/annotations/Schütz - Kleine geistliche Konzerte op08n19swv300_Himmel_und_Erde_vergehen
data/dcml_corpora/annotations/Schütz - Kleine geistliche Konzerte op08n01swv282_Eile_mich,_Gott,_zu_erretten
data/dcml_corpora/annotations/Schütz - Kleine geistliche Konzerte op08n07swv288_Ihr_Heiligen,_lobsinget_dem_Herren
data/dcml_corpora/annotations/Schütz - Kleine geistliche Konzerte op09n08swv313_Bone_Jesu,_verbum_Patris
data/dcml_corpora/annotations/Schütz - Kleine geistliche Konzerte op09n18swv323_Joseph,_du_Sohn_David
data/dcml_corpora/annotations/Schütz - Kleine geistliche Konzerte op08n11swv292_Der_Herr_schauet_vom_Himmel_auf_der_Menschen_Kinder
data/dcml_corpora/annotations/Schütz - Kleine geistliche Konzerte op08n09swv290_Wohl_dem,_der_nicht_wandelt_im_Rat_der_Gottlosen
data/dcml_corpora/annotations/Schütz - Kleine geistliche Konzerte op09n21swv326_Ich_ruf_zu_dir,_Herr_Jesu_Christ
data/dcml_corpora/annotations/Schütz - Kleine geistliche Konzerte op09n20swv325_Die_Seele_Christi_heilige_mich
data/dcml_corpora/annotations/Schütz - Kleine geistliche Konzerte op09n29swv334_Ave_Maria,_qualis_est
data/dcml_corpora/annotations/Schütz - Kleine geistliche Konzerte op08n03swv284_Ich_danke_dem_Herrn_von_ganzem_Herzen
data/dcml_corpora/annotations/Schütz - Kleine geistliche Konzerte op08n02swv283_Bringt_her_dem_Herren
data/dcml_corpora/annotations/Schütz - Kleine geistliche Konzerte op08n20swv301_Nun_komm_der_Heiden_Heiland
data/dcml_corpora/annotations/Schütz - Kleine geistliche Konzerte op09n23swv328_Veni,_Sancte_Spiritus
data/dcml_corpora/annotations/Schütz - Kleine geistliche Konzerte op08n18swv299_Die_Gottseligkeit_ist_zu_allen_Dingen_nütz
data/dcml_corpora/annotations/Schütz - Kleine geistliche Konzerte op09n15swv320_Ich_bin_jung_gewesen_und_bin_alt_worden
data/dcml_corpora/annotations/Schütz - Kleine geistliche Konzerte op09n09swv314_Verbum_caro_factum
data/dcml_corpora/annotations/Schütz - Kleine geistliche Konzerte op08n15swv296_Fürchte_dich_nicht
data/dcml_corpora/annotations/Schütz - Kleine geistliche Konzerte op09n17swv322_Rorate,_rorate_coeli
data/dcml_corpora/annotations/Schütz - Kleine geistliche Konzerte op09n22swv327_Allein_Gott_in_der_Höh
data/dcml_corpora/annotations/Schütz - Kleine geistliche Konzerte op09n14swv319_Ich_beuge_meine_Knie_gegen_dem_Vater
data/dcml_corpora/annotations/Schütz - Kleine geistliche Konzerte op09n13swv318_Die_Furcht_des_Herren
data/dcml_corpora/annotations/Schütz - Kleine geistliche Konzerte op09n03swv308_O_Jesu,_nomen_dulce
data/dcml_corpora/annotations/Schütz - Kleine geistliche Konzerte op08n22swv303_Wir_glauben_all_an_einen_Gott
data/dcml_corpora/annotations/Schütz - Kleine geistliche Konzerte op09n32swv337_Aufer_immensam
data/dcml_corpora/annotations/Schütz - Kleine geistliche Konzerte op08n14swv295_O_hilf,_Christe_Gottes_Sohn
data/dcml_corpora/annotations/Schütz - Kleine geistliche Konzerte op08n13swv294_Eins_bitte_ich_vom_Herren
data/dcml_corpora/annotations/Schütz - Kleine geistliche Konzerte op08n08swv289_Erhöre_mich,_wenn_ich_rufe
data/dcml_corpora/annotations/Schütz - Kleine geistliche Konzerte op09n28swv333_Sei_gegrüßet,_Maria
data/dcml_corpora/annotations/Schütz - Kleine geistliche Konzerte op09n19swv324_Ich_bin_die_Auferstehung
data/dcml_corpora/annotations/Wagner WWV096-Meistersinger_01_Vorspiel-Prelude_SchottKleinmichel
data/dcml_corpora/annotations/Wagner WWV090_Tristan_01_Vorspiel-Prelude_Ricordi1888Floridia
data/dcml_corpora/annotations/Bach-Suites BWV810_05_Passepied_I
data/dcml_corpora/annotations/Bach-Suites BWV814_02_Courante
data/dcml_corpora/annotations/Bach-Suites BWV816_07_Gigue
data/dcml_corpora/annotations/Bach-Suites BWV810_02_Allemande
data/dcml_corpora/annotations/Bach-Suites BWV817_02_Courante
data/dcml_corpora/annotations/Bach-Suites BWV809_04_Sarabande
data/dcml_corpora/annotations/Bach-Suites BWV806_04_Courante_II
data/dcml_corpora/annotations/Bach-Suites BWV813_01_Allemande
data/dcml_corpora/annotations/Bach-Suites BWV814_07_Gigue
data/dcml_corpora/annotations/Bach-Suites BWV806_09_Bourée_II
data/dcml_corpora/annotations/Bach-Suites BWV807_04a_Agréments_de_la_Sarabande
data/dcml_corpora/annotations/Bach-Suites BWV812_06_Gigue
data/dcml_corpora/annotations/Bach-Suites BWV817_05_Polonaise
data/dcml_corpora/annotations/Bach-Suites BWV812_04_Menuett_I
data/dcml_corpora/annotations/Bach-Suites BWV812_05_Menuett_II
data/dcml_corpora/annotations/Bach-Suites BWV809_01_Prélude
data/dcml_corpora/annotations/Bach-Suites BWV812_02_Courante
data/dcml_corpora/annotations/Bach-Suites BWV806_03_Courante_I
data/dcml_corpora/annotations/Bach-Suites BWV817_03_Sarabande
data/dcml_corpora/annotations/Bach-Suites BWV808_02_Allemande
data/dcml_corpora/annotations/Bach-Suites BWV811_06_Gavotte_I
data/dcml_corpora/annotations/Bach-Suites BWV813_02_Courante
data/dcml_corpora/annotations/Bach-Suites BWV817_04_Gavotte
data/dcml_corpora/annotations/Bach-Suites BWV815_06_Menuett
data/dcml_corpora/annotations/Bach-Suites BWV812_03_Sarabande
data/dcml_corpora/annotations/Bach-Suites BWV814_06_Trio
data/dcml_corpora/annotations/Bach-Suites BWV813_05_Menuett
data/dcml_corpora/annotations/Bach-Suites BWV809_05_Menuett_I
data/dcml_corpora/annotations/Bach-Suites BWV806_06_Double_II
data/dcml_corpora/annotations/Bach-Suites BWV814_03_Sarabande
data/dcml_corpora/annotations/Bach-Suites BWV810_07_Gigue
data/dcml_corpora/annotations/Bach-Suites BWV815_02_Courante
data/dcml_corpora/annotations/Bach-Suites BWV811_08_Gigue
data/dcml_corpora/annotations/Bach-Suites BWV811_01_Prélude
data/dcml_corpora/annotations/Bach-Suites BWV807_06_Bourrée_II
data/dcml_corpora/annotations/Bach-Suites BWV810_04_Sarabande
data/dcml_corpora/annotations/Bach-Suites BWV808_04_Sarabande
data/dcml_corpora/annotations/Bach-Suites BWV816_04_Gavotte
data/dcml_corpora/annotations/Bach-Suites BWV806_10_Gigue
data/dcml_corpora/annotations/Bach-Suites BWV813_06_Gigue
data/dcml_corpora/annotations/Bach-Suites BWV807_02_Allemande
data/dcml_corpora/annotations/Bach-Suites BWV816_02_Courante
data/dcml_corpora/annotations/Bach-Suites BWV811_07_Gavotte_II
data/dcml_corpora/annotations/Bach-Suites BWV810_01_Prélude
data/dcml_corpora/annotations/Bach-Suites BWV808_07_Gigue
data/dcml_corpora/annotations/Bach-Suites BWV810_06_Passepied_II
data/dcml_corpora/annotations/Bach-Suites BWV813_03_Sarabande
data/dcml_corpora/annotations/Bach-Suites BWV807_07_Gigue
data/dcml_corpora/annotations/Bach-Suites BWV812_01_Allemande
data/dcml_corpora/annotations/Bach-Suites BWV814_05_Menuett
data/dcml_corpora/annotations/Bach-Suites BWV808_03_Courante
data/dcml_corpora/annotations/Bach-Suites BWV808_01_Prélude
data/dcml_corpora/annotations/Bach-Suites BWV814_04_Gavotte
data/dcml_corpora/annotations/Bach-Suites BWV810_03_Courante
data/dcml_corpora/annotations/Bach-Suites BWV817_06_Bourrée
data/dcml_corpora/annotations/Bach-Suites BWV807_04_Sarabande
data/dcml_corpora/annotations/Bach-Suites BWV808_05_Gavotte_I
data/dcml_corpora/annotations/Bach-Suites BWV815_03_Sarabande
data/dcml_corpora/annotations/Bach-Suites BWV817_01_Allemande
data/dcml_corpora/annotations/Bach-Suites BWV806_02_Allemande
data/dcml_corpora/annotations/Bach-Suites BWV809_07_Gigue
data/dcml_corpora/annotations/Bach-Suites BWV815_04_Gavotte
data/dcml_corpora/annotations/Bach-Suites BWV808_06_Gavotte_II
data/dcml_corpora/annotations/Bach-Suites BWV809_02_Allemande
data/dcml_corpora/annotations/Bach-Suites BWV807_03_Courante
data/dcml_corpora/annotations/Bach-Suites BWV807_01_Prélude
data/dcml_corpora/annotations/Bach-Suites BWV816_05_Bourrée
data/dcml_corpora/annotations/Bach-Suites BWV817_08_Menuett
data/dcml_corpora/annotations/Bach-Suites BWV811_05_Double
data/dcml_corpora/annotations/Bach-Suites BWV813_04_Air
data/dcml_corpora/annotations/Bach-Suites BWV807_05_Bourrée_I
data/dcml_corpora/annotations/Bach-Suites BWV816_01_Allemande
data/dcml_corpora/annotations/Bach-Suites BWV806_01_Prélude
data/dcml_corpora/annotations/Bach-Suites BWV809_06_Menuett_II
data/dcml_corpora/annotations/Bach-Suites BWV811_02_Allemande
data/dcml_corpora/annotations/Bach-Suites BWV809_03_Courante
data/dcml_corpora/annotations/Bach-Suites BWV815_01_Allemande
data/dcml_corpora/annotations/Bach-Suites BWV817_07_Gigue
data/dcml_corpora/annotations/Bach-Suites BWV814_01_Allemande
data/dcml_corpora/annotations/Bach-Suites BWV808_04a_Agréments_de_la_Sarabande
data/dcml_corpora/annotations/Bach-Suites BWV816_06_Loure
data/dcml_corpora/annotations/Bach-Suites BWV815_07_Gigue
data/dcml_corpora/annotations/Bach-Suites BWV816_03_Sarabande
data/dcml_corpora/annotations/Bach-Suites BWV811_04_Sarabande
data/dcml_corpora/annotations/Bach-Suites BWV815_05_Air
data/dcml_corpora/annotations/Bach-Suites BWV811_03_Courante
data/dcml_corpora/annotations/Bach-Suites BWV806_07_Sarabande
data/dcml_corpora/annotations/Bach-Suites BWV806_05_Double_I
data/dcml_corpora/annotations/Bach-Suites BWV806_08_Bourée_I
data/dcml_corpora/annotations/Kozeluh-Sonatas 26op26no2a
data/dcml_corpora/annotations/Kozeluh-Sonatas 27op26no3a
data/dcml_corpora/annotations/Kozeluh-Sonatas 28op30no1a
data/dcml_corpora/annotations/Kozeluh-Sonatas 20op17no2b
data/dcml_corpora/annotations/Kozeluh-Sonatas 17op15no2b
data/dcml_corpora/annotations/Kozeluh-Sonatas 20op17no2a
data/dcml_corpora/annotations/Kozeluh-Sonatas 15op13no3c
data/dcml_corpora/annotations/Kozeluh-Sonatas 09op08no1b
data/dcml_corpora/annotations/Kozeluh-Sonatas 19op17no1c
data/dcml_corpora/annotations/Kozeluh-Sonatas 11op10no1a
data/dcml_corpora/annotations/Kozeluh-Sonatas 28op30no1c
data/dcml_corpora/annotations/Kozeluh-Sonatas 27op26no3b
data/dcml_corpora/annotations/Kozeluh-Sonatas 28op30no1b
data/dcml_corpora/annotations/Kozeluh-Sonatas 14op13no2c
data/dcml_corpora/annotations/Kozeluh-Sonatas 21op17no3a
data/dcml_corpora/annotations/Kozeluh-Sonatas 23op20no2a
data/dcml_corpora/annotations/Kozeluh-Sonatas 26op26no2b
data/dcml_corpora/annotations/Kozeluh-Sonatas 25op26no1c
data/dcml_corpora/annotations/Kozeluh-Sonatas 25op26no1a
data/dcml_corpora/annotations/Kozeluh-Sonatas 16op15no1b
data/dcml_corpora/annotations/Kozeluh-Sonatas 23op20no2b
data/dcml_corpora/annotations/Kozeluh-Sonatas 22op20no1a
data/dcml_corpora/annotations/Kozeluh-Sonatas 27op26no3c
data/dcml_corpora/annotations/Kozeluh-Sonatas 24op20no3a
data/dcml_corpora/annotations/Kozeluh-Sonatas 29op30no2b
data/dcml_corpora/annotations/Kozeluh-Sonatas 24op20no3b
data/dcml_corpora/annotations/Kozeluh-Sonatas 10op08no2b
data/dcml_corpora/annotations/Kozeluh-Sonatas 25op26no1b
data/dcml_corpora/annotations/Kozeluh-Sonatas 20op17no2c
data/dcml_corpora/annotations/Kozeluh-Sonatas 09op08no1a
data/dcml_corpora/annotations/Kozeluh-Sonatas 14op13no2a
data/dcml_corpora/annotations/Kozeluh-Sonatas 10op08no2c
data/dcml_corpora/annotations/Kozeluh-Sonatas 21op17no3b
data/dcml_corpora/annotations/Kozeluh-Sonatas 14op13no2b
data/dcml_corpora/annotations/Kozeluh-Sonatas 29op30no2a
data/dcml_corpora/annotations/Kozeluh-Sonatas 19op17no1b
data/dcml_corpora/annotations/Kozeluh-Sonatas 29op30no2c
data/dcml_corpora/annotations/Kozeluh-Sonatas 19op17no1a
data/dcml_corpora/annotations/Kozeluh-Sonatas 15op13no3a
data/dcml_corpora/annotations/Kozeluh-Sonatas 15op13no3b
data/dcml_corpora/annotations/Kozeluh-Sonatas 22op20no1c
data/dcml_corpora/annotations/Kozeluh-Sonatas 22op20no1b
data/dcml_corpora/annotations/Kozeluh-Sonatas 17op15no2c
data/dcml_corpora/annotations/Kozeluh-Sonatas 10op08no2a
data/dcml_corpora/annotations/Kozeluh-Sonatas 23op20no2c
data/dcml_corpora/annotations/Kozeluh-Sonatas 16op15no1a
data/dcml_corpora/annotations/Kozeluh-Sonatas 17op15no2a
data/dcml_corpora/annotations/Kozeluh-Sonatas 24op20no3c
data/dcml_corpora/annotations/Gesualdo-Libro_6 17_Gesualdo-jhf-Moro_Lasso
data/dcml_corpora/annotations/Gesualdo-Libro_6 01_Se_la_mia_morte_brami_Gesualdo
data/dcml_corpora/annotations/Gesualdo-Libro_6 10_Io_pur_respiro_Gesualdo
data/dcml_corpora/annotations/Beethoven-Sonatas 19-2_GOW
data/dcml_corpora/annotations/Beethoven-Sonatas 03-4
data/dcml_corpora/annotations/Beethoven-Sonatas 01-4
data/dcml_corpora/annotations/Beethoven-Sonatas 19-1_DG
data/dcml_corpora/annotations/Beethoven-Sonatas 31-1
data/dcml_corpora/annotations/Beethoven-Sonatas 24-2
data/dcml_corpora/annotations/Beethoven-Sonatas 17-3
data/dcml_corpora/annotations/Beethoven-Sonatas 17-1
data/dcml_corpora/annotations/Beethoven-Sonatas 23-1
data/dcml_corpora/annotations/Beethoven-Sonatas 26-3
data/dcml_corpora/annotations/Beethoven-Sonatas 30-3
data/dcml_corpora/annotations/Beethoven-Sonatas 10-1
data/dcml_corpora/annotations/Beethoven-Sonatas 31-2
data/dcml_corpora/annotations/Beethoven-Sonatas 23-2
data/dcml_corpora/annotations/Beethoven-Sonatas 09-3
data/dcml_corpora/annotations/Beethoven-Sonatas 01-2
data/dcml_corpora/annotations/Beethoven-Sonatas 08-2
data/dcml_corpora/annotations/Beethoven-Sonatas 21-1
data/dcml_corpora/annotations/Beethoven-Sonatas 05-3
data/dcml_corpora/annotations/Beethoven-Sonatas 03-1
data/dcml_corpora/annotations/Beethoven-Sonatas 24-1
data/dcml_corpora/annotations/Beethoven-Sonatas 32-1
data/dcml_corpora/annotations/Beethoven-Sonatas 23-3
data/dcml_corpora/annotations/Beethoven-Sonatas 16-1
data/dcml_corpora/annotations/Beethoven-Sonatas 03-2
data/dcml_corpora/annotations/Beethoven-Sonatas 07-4
data/dcml_corpora/annotations/Beethoven-Sonatas 31-3
data/dcml_corpora/annotations/Beethoven-Sonatas 07-1
data/dcml_corpora/annotations/Beethoven-Sonatas 08-3
data/dcml_corpora/annotations/Beethoven-Sonatas 16-2
data/dcml_corpora/annotations/Beethoven-Sonatas 26-2
data/dcml_corpora/annotations/Beethoven-Sonatas 05-2
data/dcml_corpora/annotations/Beethoven-Sonatas 10-2
data/dcml_corpora/annotations/Beethoven-Sonatas 01-1
data/dcml_corpora/annotations/Beethoven-Sonatas 09-2
data/dcml_corpora/annotations/Beethoven-Sonatas 06-2
data/dcml_corpora/annotations/Beethoven-Sonatas 18-1
data/dcml_corpora/annotations/Beethoven-Sonatas 17-2
data/dcml_corpora/annotations/Beethoven-Sonatas 01-3
data/dcml_corpora/annotations/Beethoven-Sonatas 18-2
data/dcml_corpora/annotations/Beethoven-Sonatas 16-3
data/dcml_corpora/annotations/Beethoven-Sonatas 20-2
data/dcml_corpora/annotations/Beethoven-Sonatas 18-3
data/dcml_corpora/annotations/Beethoven-Sonatas 26-1
data/dcml_corpora/annotations/Beethoven-Sonatas 30-2
data/dcml_corpora/annotations/Beethoven-Sonatas 21-2
data/dcml_corpora/annotations/Beethoven-Sonatas 06-3
data/dcml_corpora/annotations/Beethoven-Sonatas 05-1
data/dcml_corpora/annotations/Beethoven-Sonatas 19-2_DG
data/dcml_corpora/annotations/Beethoven-Sonatas 32-2
data/dcml_corpora/annotations/Beethoven-Sonatas 08-1
data/dcml_corpora/annotations/Beethoven-Sonatas 07-3
data/dcml_corpora/annotations/Beethoven-Sonatas 19-1_GOW
data/dcml_corpora/annotations/Beethoven-Sonatas 20-1
data/dcml_corpora/annotations/Beethoven-Sonatas 06-1
data/dcml_corpora/annotations/Beethoven-Sonatas 09-1
data/dcml_corpora/annotations/Beethoven-Sonatas 03-3
data/dcml_corpora/annotations/Beethoven-Sonatas 21-3
data/dcml_corpora/annotations/Beethoven-Sonatas 18-4
data/dcml_corpora/annotations/Beethoven-Sonatas 07-2
data/dcml_corpora/annotations/Beethoven-Sonatas 30-1
data/dcml_corpora/annotations/Beethoven-Sonatas 10-3
data/dcml_corpora/annotations/Couperin-L'art_de_toucher 03_troisième_prélude_AN
data/dcml_corpora/annotations/Couperin-L'art_de_toucher 04_quatrième_prélude_JM
data/dcml_corpora/annotations/Couperin-L'art_de_toucher 01_premier_prélude_AN
data/dcml_corpora/annotations/Couperin-L'art_de_toucher 04_quatrième_prélude_AN
data/dcml_corpora/annotations/Couperin-L'art_de_toucher 03_troisième_prélude_JM
data/dcml_corpora/annotations/Couperin-L'art_de_toucher 00_allemande
data/dcml_corpora/annotations/Couperin-L'art_de_toucher 07_septième_prélude
data/dcml_corpora/annotations/Couperin-L'art_de_toucher 02_second_prélude_JM
data/dcml_corpora/annotations/Couperin-L'art_de_toucher 05_cinquième_prélude
data/dcml_corpora/annotations/Couperin-L'art_de_toucher 01_premier_prélude_JM
data/dcml_corpora/annotations/Couperin-L'art_de_toucher 02_second_prélude_AN
data/dcml_corpora/annotations/Couperin-L'art_de_toucher 06_sixième_prélude
data/dcml_corpora/annotations/Couperin-L'art_de_toucher 08_huitième_prélude
data/dcml_corpora/annotations/Corelli-Sonatas op01n04a
data/dcml_corpora/annotations/Corelli-Sonatas op01n04b
data/dcml_corpora/annotations/Corelli-Sonatas op01n03b
data/dcml_corpora/annotations/Corelli-Sonatas op04n01d
data/dcml_corpora/annotations/Corelli-Sonatas op03n02d
data/dcml_corpora/annotations/Corelli-Sonatas op04n02d
data/dcml_corpora/annotations/Corelli-Sonatas op04n01a
data/dcml_corpora/annotations/Corelli-Sonatas op01n03d
data/dcml_corpora/annotations/Corelli-Sonatas op03n05a
data/dcml_corpora/annotations/Corelli-Sonatas op01n02a
data/dcml_corpora/annotations/Corelli-Sonatas op03n03d
data/dcml_corpora/annotations/Corelli-Sonatas op04n03c
data/dcml_corpora/annotations/Corelli-Sonatas op04n02a
data/dcml_corpora/annotations/Corelli-Sonatas op04n04a
data/dcml_corpora/annotations/Corelli-Sonatas op04n02b
data/dcml_corpora/annotations/Corelli-Sonatas op04n04d
data/dcml_corpora/annotations/Corelli-Sonatas op01n02b
data/dcml_corpora/annotations/Corelli-Sonatas op03n01a
data/dcml_corpora/annotations/Corelli-Sonatas op01n01d
data/dcml_corpora/annotations/Corelli-Sonatas op04n03d
data/dcml_corpora/annotations/Corelli-Sonatas op03n03b
data/dcml_corpora/annotations/Corelli-Sonatas op04n01c
data/dcml_corpora/annotations/Corelli-Sonatas op03n01d
data/dcml_corpora/annotations/Corelli-Sonatas op03n02c
data/dcml_corpora/annotations/Corelli-Sonatas op04n03b
data/dcml_corpora/annotations/Corelli-Sonatas op04n04c
data/dcml_corpora/annotations/Corelli-Sonatas op01n06d
data/dcml_corpora/annotations/Corelli-Sonatas op01n03c
data/dcml_corpora/annotations/Corelli-Sonatas op01n06b
data/dcml_corpora/annotations/Corelli-Sonatas op01n03a
data/dcml_corpora/annotations/Corelli-Sonatas op01n06c
data/dcml_corpora/annotations/Corelli-Sonatas op01n05d
data/dcml_corpora/annotations/Corelli-Sonatas op01n06a
data/dcml_corpora/annotations/Corelli-Sonatas op03n01c
data/dcml_corpora/annotations/Corelli-Sonatas op03n03c
data/dcml_corpora/annotations/Corelli-Sonatas op04n03a
data/dcml_corpora/annotations/Corelli-Sonatas op01n01b
data/dcml_corpora/annotations/Corelli-Sonatas op01n05c
data/dcml_corpora/annotations/Corelli-Sonatas op04n01b
data/dcml_corpora/annotations/Corelli-Sonatas op01n05b
data/dcml_corpora/annotations/Corelli-Sonatas op03n01b
data/dcml_corpora/annotations/Corelli-Sonatas op01n04c
data/dcml_corpora/annotations/Corelli-Sonatas op03n02b
data/dcml_corpora/annotations/Corelli-Sonatas op01n01c
data/dcml_corpora/annotations/Corelli-Sonatas op01n02c
data/dcml_corpora/annotations/Corelli-Sonatas op04n02c
data/dcml_corpora/annotations/Corelli-Sonatas op01n05a
data/dcml_corpora/annotations/Corelli-Sonatas op01n04d
data/dcml_corpora/annotations/Corelli-Sonatas op04n04b
data/dcml_corpora/annotations/Corelli-Sonatas op03n02a
data/dcml_corpora/annotations/Corelli-Sonatas op01n02d
data/dcml_corpora/annotations/Corelli-Sonatas op01n01a
data/dcml_corpora/annotations/Corelli-Sonatas op03n03a
data/dcml_corpora/annotations/WFBach-Sonatas Bach_WF_F03_Sonate_D-Dur_01
data/dcml_corpora/annotations/WFBach-Sonatas Bach_WF_F02_Sonate_C-Dur
data/dcml_corpora/annotations/WFBach-Sonatas Bach_WF_F03_Sonate_D-Dur_02
data/dcml_corpora/annotations/WFBach-Sonatas Bach_WF_F01_Sonata_C-Dur
data/dcml_corpora/annotations/Tchaikovsky-Seasons op37a10
data/dcml_corpora/annotations/Tchaikovsky-Seasons op37a05
data/dcml_corpora/annotations/Tchaikovsky-Seasons op37a12
data/dcml_corpora/annotations/Tchaikovsky-Seasons op37a04
data/dcml_corpora/annotations/Tchaikovsky-Seasons op37a02
data/dcml_corpora/annotations/Tchaikovsky-Seasons op37a06
data/dcml_corpora/annotations/Tchaikovsky-Seasons op37a11
data/dcml_corpora/annotations/Tchaikovsky-Seasons op37a09
data/dcml_corpora/annotations/Tchaikovsky-Seasons op37a08
data/dcml_corpora/annotations/Tchaikovsky-Seasons op37a07
data/dcml_corpora/annotations/Tchaikovsky-Seasons op37a03
data/dcml_corpora/annotations/Tchaikovsky-Seasons op37a01
data/dcml_corpora/annotations/Schumann-Kinderszenen n05
data/dcml_corpora/annotations/Schumann-Kinderszenen n09
data/dcml_corpora/annotations/Schumann-Kinderszenen n07
data/dcml_corpora/annotations/Schumann-Kinderszenen n10
data/dcml_corpora/annotations/Schumann-Kinderszenen n13
data/dcml_corpora/annotations/Schumann-Kinderszenen n08
data/dcml_corpora/annotations/Schumann-Kinderszenen n11
data/dcml_corpora/annotations/Schumann-Kinderszenen n06
data/dcml_corpora/annotations/Schumann-Kinderszenen n12
data/dcml_corpora/annotations/Schumann-Kinderszenen n03
data/dcml_corpora/annotations/Schumann-Kinderszenen n01
data/dcml_corpora/annotations/Schumann-Kinderszenen n02
data/dcml_corpora/annotations/Schumann-Kinderszenen n04